<?xml version="1.0" encoding="UTF-8"?>
<testng-results ignored="0" total="1" passed="1" failed="0" skipped="0">
  <reporter-output>
  </reporter-output>
  <suite started-at="2019-11-18T21:53:18 EET" name="Snapengage Scenario" finished-at="2019-11-18T21:53:24 EET" duration-ms="5542">
    <groups>
    </groups>
    <test started-at="2019-11-18T21:53:18 EET" name="Snapengage Test" finished-at="2019-11-18T21:53:24 EET" duration-ms="5542">
      <class name="testSteps.SnapengageSteps">
        <test-method is-config="true" signature="beforeTest()[pri:0, instance:testSteps.SnapengageSteps@6f2cb653]" started-at="2019-11-18T21:53:19 EET" name="beforeTest" finished-at="2019-11-18T21:53:19 EET" duration-ms="29" status="PASS">
          <reporter-output>
          </reporter-output>
        </test-method> <!-- beforeTest -->
        <test-method signature="snapEngageTestScenario()[pri:0, instance:testSteps.SnapengageSteps@6f2cb653]" started-at="2019-11-18T21:53:19 EET" name="snapEngageTestScenario" finished-at="2019-11-18T21:53:23 EET" duration-ms="4732" status="PASS">
          <reporter-output>
          </reporter-output>
        </test-method> <!-- snapEngageTestScenario -->
        <test-method is-config="true" signature="afterTest()[pri:0, instance:testSteps.SnapengageSteps@6f2cb653]" started-at="2019-11-18T21:53:23 EET" name="afterTest" finished-at="2019-11-18T21:53:24 EET" duration-ms="715" status="PASS">
          <reporter-output>
          </reporter-output>
        </test-method> <!-- afterTest -->
      </class> <!-- testSteps.SnapengageSteps -->
    </test> <!-- Snapengage Test -->
  </suite> <!-- Snapengage Scenario -->
</testng-results>
