<?xml version="1.0" encoding="UTF-8"?>
<testng-results ignored="0" total="2" passed="2" failed="0" skipped="0">
  <reporter-output>
  </reporter-output>
  <suite started-at="2019-11-17T23:52:20 EET" name="Command line suite" finished-at="2019-11-17T23:52:28 EET" duration-ms="8818">
    <groups>
    </groups>
    <test started-at="2019-11-17T23:52:20 EET" name="Command line test" finished-at="2019-11-17T23:52:28 EET" duration-ms="8818">
      <class name="com.tem.mavenTestNGProject.smokeTest">
        <test-method is-config="true" signature="beforeTest()[pri:0, instance:com.tem.mavenTestNGProject.smokeTest@7a791b66]" started-at="2019-11-17T23:52:20 EET" name="beforeTest" finished-at="2019-11-17T23:52:20 EET" duration-ms="1" status="PASS">
          <reporter-output>
          </reporter-output>
        </test-method> <!-- beforeTest -->
        <test-method signature="smokeTest()[pri:0, instance:com.tem.mavenTestNGProject.smokeTest@7a791b66]" started-at="2019-11-17T23:52:23 EET" name="smokeTest" finished-at="2019-11-17T23:52:26 EET" duration-ms="2673" status="PASS">
          <reporter-output>
          </reporter-output>
        </test-method> <!-- smokeTest -->
        <test-method is-config="true" signature="afterTest()[pri:0, instance:com.tem.mavenTestNGProject.smokeTest@7a791b66]" started-at="2019-11-17T23:52:28 EET" name="afterTest" finished-at="2019-11-17T23:52:28 EET" duration-ms="807" status="PASS">
          <reporter-output>
          </reporter-output>
        </test-method> <!-- afterTest -->
      </class> <!-- com.tem.mavenTestNGProject.smokeTest -->
      <class name="com.tem.mavenTestNGProject.MyTest">
        <test-method is-config="true" signature="beforeTest()[pri:0, instance:com.tem.mavenTestNGProject.MyTest@40f1be1b]" started-at="2019-11-17T23:52:20 EET" name="beforeTest" finished-at="2019-11-17T23:52:20 EET" duration-ms="31" status="PASS">
          <reporter-output>
          </reporter-output>
        </test-method> <!-- beforeTest -->
        <test-method signature="smokeTest()[pri:0, instance:com.tem.mavenTestNGProject.MyTest@40f1be1b]" started-at="2019-11-17T23:52:20 EET" name="smokeTest" finished-at="2019-11-17T23:52:23 EET" duration-ms="3585" status="PASS">
          <reporter-output>
          </reporter-output>
        </test-method> <!-- smokeTest -->
        <test-method is-config="true" signature="afterTest()[pri:0, instance:com.tem.mavenTestNGProject.MyTest@40f1be1b]" started-at="2019-11-17T23:52:26 EET" name="afterTest" finished-at="2019-11-17T23:52:28 EET" duration-ms="1633" status="PASS">
          <reporter-output>
          </reporter-output>
        </test-method> <!-- afterTest -->
      </class> <!-- com.tem.mavenTestNGProject.MyTest -->
    </test> <!-- Command line test -->
  </suite> <!-- Command line suite -->
</testng-results>
